[debug] [2021-09-28T08:47:10.808Z] ----------------------------------------------------------------------
[debug] [2021-09-28T08:47:10.812Z] Command:       C:\Program Files\nodejs\node.exe C:\Users\vrasu\AppData\Roaming\npm\node_modules\firebase-tools\lib\bin\firebase.js init
[debug] [2021-09-28T08:47:10.813Z] CLI Version:   9.18.0
[debug] [2021-09-28T08:47:10.813Z] Platform:      win32
[debug] [2021-09-28T08:47:10.813Z] Node Version:  v14.17.6
[debug] [2021-09-28T08:47:10.815Z] Time:          Tue Sep 28 2021 16:47:10 GMT+0800 (Singapore Standard Time)
[debug] [2021-09-28T08:47:10.815Z] ----------------------------------------------------------------------
[debug] 
[debug] [2021-09-28T08:47:10.916Z] > command requires scopes: ["email","openid","https://www.googleapis.com/auth/cloudplatformprojects.readonly","https://www.googleapis.com/auth/firebase","https://www.googleapis.com/auth/cloud-platform"]
[debug] [2021-09-28T08:47:10.917Z] > authorizing via signed-in user (sunga1800237@mls.ceu.edu.ph)
[info] 
     ######## #### ########  ######## ########     ###     ######  ########
     ##        ##  ##     ## ##       ##     ##  ##   ##  ##       ##
     ######    ##  ########  ######   ########  #########  ######  ######
     ##        ##  ##    ##  ##       ##     ## ##     ##       ## ##
     ##       #### ##     ## ######## ########  ##     ##  ######  ########

You're about to initialize a Firebase project in this directory:

  C:\wamp64\www\react-firebase-chat

Before we get started, keep in mind:

  * You are currently outside your home directory
  * You are initializing within an existing Firebase project directory

